This file contains any messages produced by compilers while
running configure, to aid debugging if configure makes a mistake.

It was created by oss_c_sdk configure 0.0.6, which was
generated by GNU Autoconf 2.63.  Invocation command line was

  $ ./configure 

## --------- ##
## Platform. ##
## --------- ##

hostname = iZ235whxcttZ
uname -m = x86_64
uname -r = 2.6.32-431.23.3.el6.x86_64
uname -s = Linux
uname -v = #1 SMP Thu Jul 31 17:20:51 UTC 2014

/usr/bin/uname -p = unknown
/bin/uname -X     = unknown

/bin/arch              = x86_64
/usr/bin/arch -k       = unknown
/usr/convex/getsysinfo = unknown
/usr/bin/hostinfo      = unknown
/bin/machine           = unknown
/usr/bin/oslevel       = unknown
/bin/universe          = unknown

PATH: /usr/local/sbin
PATH: /usr/local/bin
PATH: /sbin
PATH: /bin
PATH: /usr/sbin
PATH: /usr/bin
PATH: /root/bin
PATH: /mnt/work/code/go1.4.2/bin
PATH: /mnt/gopath/bin


## ----------- ##
## Core tests. ##
## ----------- ##

configure:1870: checking for a BSD-compatible install
configure:1938: result: /usr/bin/install -c
configure:1949: checking whether build environment is sane
configure:2009: result: yes
configure:2150: checking for a thread-safe mkdir -p
configure:2189: result: /bin/mkdir -p
configure:2202: checking for gawk
configure:2218: found /bin/gawk
configure:2229: result: gawk
configure:2240: checking whether make sets $(MAKE)
configure:2262: result: yes
configure:2394: checking for gcc
configure:2410: found /usr/bin/gcc
configure:2421: result: gcc
configure:2653: checking for C compiler version
configure:2661: gcc --version >&5
gcc (GCC) 4.4.7 20120313 (Red Hat 4.4.7-4)
Copyright (C) 2010 Free Software Foundation, Inc.
This is free software; see the source for copying conditions.  There is NO
warranty; not even for MERCHANTABILITY or FITNESS FOR A PARTICULAR PURPOSE.

configure:2665: $? = 0
configure:2672: gcc -v >&5
Using built-in specs.
Target: x86_64-redhat-linux
Configured with: ../configure --prefix=/usr --mandir=/usr/share/man --infodir=/usr/share/info --with-bugurl=http://bugzilla.redhat.com/bugzilla --enable-bootstrap --enable-shared --enable-threads=posix --enable-checking=release --with-system-zlib --enable-__cxa_atexit --disable-libunwind-exceptions --enable-gnu-unique-object --enable-languages=c,c++,objc,obj-c++,java,fortran,ada --enable-java-awt=gtk --disable-dssi --with-java-home=/usr/lib/jvm/java-1.5.0-gcj-1.5.0.0/jre --enable-libgcj-multifile --enable-java-maintainer-mode --with-ecj-jar=/usr/share/java/eclipse-ecj.jar --disable-libjava-multilib --with-ppl --with-cloog --with-tune=generic --with-arch_32=i686 --build=x86_64-redhat-linux
Thread model: posix
gcc version 4.4.7 20120313 (Red Hat 4.4.7-4) (GCC) 
configure:2676: $? = 0
configure:2683: gcc -V >&5
gcc: '-V' option must have argument
configure:2687: $? = 1
configure:2710: checking for C compiler default output file name
configure:2732: gcc    conftest.c  >&5
configure:2736: $? = 0
configure:2774: result: a.out
configure:2793: checking whether the C compiler works
configure:2803: ./a.out
configure:2807: $? = 0
configure:2826: result: yes
configure:2833: checking whether we are cross compiling
configure:2835: result: no
configure:2838: checking for suffix of executables
configure:2845: gcc -o conftest    conftest.c  >&5
configure:2849: $? = 0
configure:2875: result: 
configure:2881: checking for suffix of object files
configure:2907: gcc -c   conftest.c >&5
configure:2911: $? = 0
configure:2936: result: o
configure:2940: checking whether we are using the GNU C compiler
configure:2969: gcc -c   conftest.c >&5
configure:2976: $? = 0
configure:2993: result: yes
configure:3002: checking whether gcc accepts -g
configure:3032: gcc -c -g  conftest.c >&5
configure:3039: $? = 0
configure:3140: result: yes
configure:3157: checking for gcc option to accept ISO C89
configure:3231: gcc  -c -g -O2  conftest.c >&5
configure:3238: $? = 0
configure:3261: result: none needed
configure:3290: checking for style of include used by make
configure:3318: result: GNU
configure:3343: checking dependency style of gcc
configure:3453: result: gcc3
configure:3472: checking for fmod in -lm
configure:3507: gcc -o conftest -g -O2   conftest.c -lm   >&5
conftest.c:17: warning: conflicting types for built-in function 'fmod'
configure:3514: $? = 0
configure:3535: result: yes
configure:3547: checking for xmlInitParser in -lxml2
configure:3582: gcc -o conftest -g -O2   conftest.c -lxml2  -lm  >&5
/usr/bin/ld: cannot find -lxml2
collect2: ld returned 1 exit status
configure:3589: $? = 1
configure: failed program was:
| /* confdefs.h.  */
| #define PACKAGE_NAME "oss_c_sdk"
| #define PACKAGE_TARNAME "oss_c_sdk"
| #define PACKAGE_VERSION "0.0.6"
| #define PACKAGE_STRING "oss_c_sdk 0.0.6"
| #define PACKAGE_BUGREPORT ""
| #define PACKAGE "oss_c_sdk"
| #define VERSION "0.0.6"
| #define HAVE_LIBM 1
| /* end confdefs.h.  */
| 
| /* Override any GCC internal prototype to avoid an error.
|    Use char because int might match the return type of a GCC
|    builtin and then its argument prototype would still apply.  */
| #ifdef __cplusplus
| extern "C"
| #endif
| char xmlInitParser ();
| int
| main ()
| {
| return xmlInitParser ();
|   ;
|   return 0;
| }
configure:3610: result: no
configure:3622: checking for curl_global_init in -lcurl
configure:3657: gcc -o conftest -g -O2   conftest.c -lcurl  -lm  >&5
/usr/bin/ld: cannot find -lcurl
collect2: ld returned 1 exit status
configure:3664: $? = 1
configure: failed program was:
| /* confdefs.h.  */
| #define PACKAGE_NAME "oss_c_sdk"
| #define PACKAGE_TARNAME "oss_c_sdk"
| #define PACKAGE_VERSION "0.0.6"
| #define PACKAGE_STRING "oss_c_sdk 0.0.6"
| #define PACKAGE_BUGREPORT ""
| #define PACKAGE "oss_c_sdk"
| #define VERSION "0.0.6"
| #define HAVE_LIBM 1
| /* end confdefs.h.  */
| 
| /* Override any GCC internal prototype to avoid an error.
|    Use char because int might match the return type of a GCC
|    builtin and then its argument prototype would still apply.  */
| #ifdef __cplusplus
| extern "C"
| #endif
| char curl_global_init ();
| int
| main ()
| {
| return curl_global_init ();
|   ;
|   return 0;
| }
configure:3685: result: no
configure:3697: checking for apr_palloc in -lapr-1
configure:3732: gcc -o conftest -g -O2   conftest.c -lapr-1  -lm  >&5
/usr/bin/ld: cannot find -lapr-1
collect2: ld returned 1 exit status
configure:3739: $? = 1
configure: failed program was:
| /* confdefs.h.  */
| #define PACKAGE_NAME "oss_c_sdk"
| #define PACKAGE_TARNAME "oss_c_sdk"
| #define PACKAGE_VERSION "0.0.6"
| #define PACKAGE_STRING "oss_c_sdk 0.0.6"
| #define PACKAGE_BUGREPORT ""
| #define PACKAGE "oss_c_sdk"
| #define VERSION "0.0.6"
| #define HAVE_LIBM 1
| /* end confdefs.h.  */
| 
| /* Override any GCC internal prototype to avoid an error.
|    Use char because int might match the return type of a GCC
|    builtin and then its argument prototype would still apply.  */
| #ifdef __cplusplus
| extern "C"
| #endif
| char apr_palloc ();
| int
| main ()
| {
| return apr_palloc ();
|   ;
|   return 0;
| }
configure:3760: result: no
configure:3772: checking for apr_sha1_init in -laprutil-1
configure:3807: gcc -o conftest -g -O2   conftest.c -laprutil-1  -lm  >&5
/usr/bin/ld: cannot find -laprutil-1
collect2: ld returned 1 exit status
configure:3814: $? = 1
configure: failed program was:
| /* confdefs.h.  */
| #define PACKAGE_NAME "oss_c_sdk"
| #define PACKAGE_TARNAME "oss_c_sdk"
| #define PACKAGE_VERSION "0.0.6"
| #define PACKAGE_STRING "oss_c_sdk 0.0.6"
| #define PACKAGE_BUGREPORT ""
| #define PACKAGE "oss_c_sdk"
| #define VERSION "0.0.6"
| #define HAVE_LIBM 1
| /* end confdefs.h.  */
| 
| /* Override any GCC internal prototype to avoid an error.
|    Use char because int might match the return type of a GCC
|    builtin and then its argument prototype would still apply.  */
| #ifdef __cplusplus
| extern "C"
| #endif
| char apr_sha1_init ();
| int
| main ()
| {
| return apr_sha1_init ();
|   ;
|   return 0;
| }
configure:3835: result: no
configure:3889: checking for ranlib
configure:3905: found /usr/bin/ranlib
configure:3916: result: ranlib
configure:3945: checking how to run the C preprocessor
configure:3985: gcc -E  conftest.c
configure:3992: $? = 0
configure:4023: gcc -E  conftest.c
conftest.c:11:28: error: ac_nonexistent.h: No such file or directory
configure:4030: $? = 1
configure: failed program was:
| /* confdefs.h.  */
| #define PACKAGE_NAME "oss_c_sdk"
| #define PACKAGE_TARNAME "oss_c_sdk"
| #define PACKAGE_VERSION "0.0.6"
| #define PACKAGE_STRING "oss_c_sdk 0.0.6"
| #define PACKAGE_BUGREPORT ""
| #define PACKAGE "oss_c_sdk"
| #define VERSION "0.0.6"
| #define HAVE_LIBM 1
| /* end confdefs.h.  */
| #include <ac_nonexistent.h>
configure:4063: result: gcc -E
configure:4092: gcc -E  conftest.c
configure:4099: $? = 0
configure:4130: gcc -E  conftest.c
conftest.c:11:28: error: ac_nonexistent.h: No such file or directory
configure:4137: $? = 1
configure: failed program was:
| /* confdefs.h.  */
| #define PACKAGE_NAME "oss_c_sdk"
| #define PACKAGE_TARNAME "oss_c_sdk"
| #define PACKAGE_VERSION "0.0.6"
| #define PACKAGE_STRING "oss_c_sdk 0.0.6"
| #define PACKAGE_BUGREPORT ""
| #define PACKAGE "oss_c_sdk"
| #define VERSION "0.0.6"
| #define HAVE_LIBM 1
| /* end confdefs.h.  */
| #include <ac_nonexistent.h>
configure:4177: checking for grep that handles long lines and -e
configure:4237: result: /bin/grep
configure:4242: checking for egrep
configure:4306: result: /bin/grep -E
configure:4311: checking for ANSI C header files
configure:4341: gcc -c -g -O2  conftest.c >&5
configure:4348: $? = 0
configure:4447: gcc -o conftest -g -O2   conftest.c -lm  >&5
configure:4451: $? = 0
configure:4457: ./conftest
configure:4461: $? = 0
configure:4479: result: yes
configure:4503: checking for sys/types.h
configure:4524: gcc -c -g -O2  conftest.c >&5
configure:4531: $? = 0
configure:4548: result: yes
configure:4503: checking for sys/stat.h
configure:4524: gcc -c -g -O2  conftest.c >&5
configure:4531: $? = 0
configure:4548: result: yes
configure:4503: checking for stdlib.h
configure:4524: gcc -c -g -O2  conftest.c >&5
configure:4531: $? = 0
configure:4548: result: yes
configure:4503: checking for string.h
configure:4524: gcc -c -g -O2  conftest.c >&5
configure:4531: $? = 0
configure:4548: result: yes
configure:4503: checking for memory.h
configure:4524: gcc -c -g -O2  conftest.c >&5
configure:4531: $? = 0
configure:4548: result: yes
configure:4503: checking for strings.h
configure:4524: gcc -c -g -O2  conftest.c >&5
configure:4531: $? = 0
configure:4548: result: yes
configure:4503: checking for inttypes.h
configure:4524: gcc -c -g -O2  conftest.c >&5
configure:4531: $? = 0
configure:4548: result: yes
configure:4503: checking for stdint.h
configure:4524: gcc -c -g -O2  conftest.c >&5
configure:4531: $? = 0
configure:4548: result: yes
configure:4503: checking for unistd.h
configure:4524: gcc -c -g -O2  conftest.c >&5
configure:4531: $? = 0
configure:4548: result: yes
configure:4572: checking for inttypes.h
configure:4579: result: yes
configure:4583: checking stddef.h usability
configure:4600: gcc -c -g -O2  conftest.c >&5
configure:4607: $? = 0
configure:4621: result: yes
configure:4625: checking stddef.h presence
configure:4640: gcc -E  conftest.c
configure:4647: $? = 0
configure:4661: result: yes
configure:4689: checking for stddef.h
configure:4698: result: yes
configure:4572: checking for stdint.h
configure:4579: result: yes
configure:4572: checking for stdlib.h
configure:4579: result: yes
configure:4572: checking for string.h
configure:4579: result: yes
configure:4572: checking for unistd.h
configure:4579: result: yes
configure:4715: checking for an ANSI C-conforming const
configure:4790: gcc -c -g -O2  conftest.c >&5
configure:4797: $? = 0
configure:4812: result: yes
configure:4822: checking for stdbool.h that conforms to C99
configure:4917: gcc -c -g -O2  conftest.c >&5
configure:4924: $? = 0
configure:4939: result: yes
configure:4941: checking for _Bool
configure:4969: gcc -c -g -O2  conftest.c >&5
configure:4976: $? = 0
configure:5003: gcc -c -g -O2  conftest.c >&5
conftest.c: In function 'main':
conftest.c:63: error: expected expression before ')' token
configure:5010: $? = 1
configure: failed program was:
| /* confdefs.h.  */
| #define PACKAGE_NAME "oss_c_sdk"
| #define PACKAGE_TARNAME "oss_c_sdk"
| #define PACKAGE_VERSION "0.0.6"
| #define PACKAGE_STRING "oss_c_sdk 0.0.6"
| #define PACKAGE_BUGREPORT ""
| #define PACKAGE "oss_c_sdk"
| #define VERSION "0.0.6"
| #define HAVE_LIBM 1
| #define STDC_HEADERS 1
| #define HAVE_SYS_TYPES_H 1
| #define HAVE_SYS_STAT_H 1
| #define HAVE_STDLIB_H 1
| #define HAVE_STRING_H 1
| #define HAVE_MEMORY_H 1
| #define HAVE_STRINGS_H 1
| #define HAVE_INTTYPES_H 1
| #define HAVE_STDINT_H 1
| #define HAVE_UNISTD_H 1
| #define HAVE_INTTYPES_H 1
| #define HAVE_STDDEF_H 1
| #define HAVE_STDINT_H 1
| #define HAVE_STDLIB_H 1
| #define HAVE_STRING_H 1
| #define HAVE_UNISTD_H 1
| /* end confdefs.h.  */
| #include <stdio.h>
| #ifdef HAVE_SYS_TYPES_H
| # include <sys/types.h>
| #endif
| #ifdef HAVE_SYS_STAT_H
| # include <sys/stat.h>
| #endif
| #ifdef STDC_HEADERS
| # include <stdlib.h>
| # include <stddef.h>
| #else
| # ifdef HAVE_STDLIB_H
| #  include <stdlib.h>
| # endif
| #endif
| #ifdef HAVE_STRING_H
| # if !defined STDC_HEADERS && defined HAVE_MEMORY_H
| #  include <memory.h>
| # endif
| # include <string.h>
| #endif
| #ifdef HAVE_STRINGS_H
| # include <strings.h>
| #endif
| #ifdef HAVE_INTTYPES_H
| # include <inttypes.h>
| #endif
| #ifdef HAVE_STDINT_H
| # include <stdint.h>
| #endif
| #ifdef HAVE_UNISTD_H
| # include <unistd.h>
| #endif
| int
| main ()
| {
| if (sizeof ((_Bool)))
| 	  return 0;
|   ;
|   return 0;
| }
configure:5033: result: yes
configure:5052: checking for inline
configure:5078: gcc -c -g -O2  conftest.c >&5
configure:5085: $? = 0
configure:5103: result: inline
configure:5122: checking for size_t
configure:5150: gcc -c -g -O2  conftest.c >&5
configure:5157: $? = 0
configure:5184: gcc -c -g -O2  conftest.c >&5
conftest.c: In function 'main':
conftest.c:65: error: expected expression before ')' token
configure:5191: $? = 1
configure: failed program was:
| /* confdefs.h.  */
| #define PACKAGE_NAME "oss_c_sdk"
| #define PACKAGE_TARNAME "oss_c_sdk"
| #define PACKAGE_VERSION "0.0.6"
| #define PACKAGE_STRING "oss_c_sdk 0.0.6"
| #define PACKAGE_BUGREPORT ""
| #define PACKAGE "oss_c_sdk"
| #define VERSION "0.0.6"
| #define HAVE_LIBM 1
| #define STDC_HEADERS 1
| #define HAVE_SYS_TYPES_H 1
| #define HAVE_SYS_STAT_H 1
| #define HAVE_STDLIB_H 1
| #define HAVE_STRING_H 1
| #define HAVE_MEMORY_H 1
| #define HAVE_STRINGS_H 1
| #define HAVE_INTTYPES_H 1
| #define HAVE_STDINT_H 1
| #define HAVE_UNISTD_H 1
| #define HAVE_INTTYPES_H 1
| #define HAVE_STDDEF_H 1
| #define HAVE_STDINT_H 1
| #define HAVE_STDLIB_H 1
| #define HAVE_STRING_H 1
| #define HAVE_UNISTD_H 1
| #define HAVE__BOOL 1
| #define HAVE_STDBOOL_H 1
| /* end confdefs.h.  */
| #include <stdio.h>
| #ifdef HAVE_SYS_TYPES_H
| # include <sys/types.h>
| #endif
| #ifdef HAVE_SYS_STAT_H
| # include <sys/stat.h>
| #endif
| #ifdef STDC_HEADERS
| # include <stdlib.h>
| # include <stddef.h>
| #else
| # ifdef HAVE_STDLIB_H
| #  include <stdlib.h>
| # endif
| #endif
| #ifdef HAVE_STRING_H
| # if !defined STDC_HEADERS && defined HAVE_MEMORY_H
| #  include <memory.h>
| # endif
| # include <string.h>
| #endif
| #ifdef HAVE_STRINGS_H
| # include <strings.h>
| #endif
| #ifdef HAVE_INTTYPES_H
| # include <inttypes.h>
| #endif
| #ifdef HAVE_STDINT_H
| # include <stdint.h>
| #endif
| #ifdef HAVE_UNISTD_H
| # include <unistd.h>
| #endif
| int
| main ()
| {
| if (sizeof ((size_t)))
| 	  return 0;
|   ;
|   return 0;
| }
configure:5214: result: yes
configure:5226: checking whether struct tm is in sys/time.h or time.h
configure:5256: gcc -c -g -O2  conftest.c >&5
configure:5263: $? = 0
configure:5278: result: time.h
configure:5290: checking whether lstat dereferences a symlink specified with a trailing slash
configure:5326: gcc -o conftest -g -O2   conftest.c -lm  >&5
configure:5330: $? = 0
configure:5336: ./conftest
configure:5340: $? = 0
configure:5364: result: yes
configure:5383: checking whether stat accepts an empty string
configure:5413: gcc -o conftest -g -O2   conftest.c -lm  >&5
configure:5417: $? = 0
configure:5423: ./conftest
configure:5427: $? = 0
configure:5444: result: no
configure:5464: checking for vprintf
configure:5520: gcc -o conftest -g -O2   conftest.c -lm  >&5
conftest.c:53: warning: conflicting types for built-in function 'vprintf'
configure:5527: $? = 0
configure:5549: result: yes
configure:5558: checking for _doprnt
configure:5614: gcc -o conftest -g -O2   conftest.c -lm  >&5
/tmp/cch8JfCP.o: In function `main':
/root/oss/oss_c_sdk/conftest.c:65: undefined reference to `_doprnt'
collect2: ld returned 1 exit status
configure:5621: $? = 1
configure: failed program was:
| /* confdefs.h.  */
| #define PACKAGE_NAME "oss_c_sdk"
| #define PACKAGE_TARNAME "oss_c_sdk"
| #define PACKAGE_VERSION "0.0.6"
| #define PACKAGE_STRING "oss_c_sdk 0.0.6"
| #define PACKAGE_BUGREPORT ""
| #define PACKAGE "oss_c_sdk"
| #define VERSION "0.0.6"
| #define HAVE_LIBM 1
| #define STDC_HEADERS 1
| #define HAVE_SYS_TYPES_H 1
| #define HAVE_SYS_STAT_H 1
| #define HAVE_STDLIB_H 1
| #define HAVE_STRING_H 1
| #define HAVE_MEMORY_H 1
| #define HAVE_STRINGS_H 1
| #define HAVE_INTTYPES_H 1
| #define HAVE_STDINT_H 1
| #define HAVE_UNISTD_H 1
| #define HAVE_INTTYPES_H 1
| #define HAVE_STDDEF_H 1
| #define HAVE_STDINT_H 1
| #define HAVE_STDLIB_H 1
| #define HAVE_STRING_H 1
| #define HAVE_UNISTD_H 1
| #define HAVE__BOOL 1
| #define HAVE_STDBOOL_H 1
| #define LSTAT_FOLLOWS_SLASHED_SYMLINK 1
| #define HAVE_VPRINTF 1
| /* end confdefs.h.  */
| /* Define _doprnt to an innocuous variant, in case <limits.h> declares _doprnt.
|    For example, HP-UX 11i <limits.h> declares gettimeofday.  */
| #define _doprnt innocuous__doprnt
| 
| /* System header to define __stub macros and hopefully few prototypes,
|     which can conflict with char _doprnt (); below.
|     Prefer <limits.h> to <assert.h> if __STDC__ is defined, since
|     <limits.h> exists even on freestanding compilers.  */
| 
| #ifdef __STDC__
| # include <limits.h>
| #else
| # include <assert.h>
| #endif
| 
| #undef _doprnt
| 
| /* Override any GCC internal prototype to avoid an error.
|    Use char because int might match the return type of a GCC
|    builtin and then its argument prototype would still apply.  */
| #ifdef __cplusplus
| extern "C"
| #endif
| char _doprnt ();
| /* The GNU C library defines this for functions which it implements
|     to always fail with ENOSYS.  Some functions are actually named
|     something starting with __ and the normal name is an alias.  */
| #if defined __stub__doprnt || defined __stub____doprnt
| choke me
| #endif
| 
| int
| main ()
| {
| return _doprnt ();
|   ;
|   return 0;
| }
configure:5641: result: no
configure:5661: checking for memmove
configure:5717: gcc -o conftest -g -O2   conftest.c -lm  >&5
conftest.c:54: warning: conflicting types for built-in function 'memmove'
configure:5724: $? = 0
configure:5746: result: yes
configure:5661: checking for strcasecmp
configure:5717: gcc -o conftest -g -O2   conftest.c -lm  >&5
conftest.c:55: warning: conflicting types for built-in function 'strcasecmp'
configure:5724: $? = 0
configure:5746: result: yes
configure:5661: checking for strncasecmp
configure:5717: gcc -o conftest -g -O2   conftest.c -lm  >&5
conftest.c:56: warning: conflicting types for built-in function 'strncasecmp'
configure:5724: $? = 0
configure:5746: result: yes
configure:5885: creating ./config.status

## ---------------------- ##
## Running config.status. ##
## ---------------------- ##

This file was extended by oss_c_sdk config.status 0.0.6, which was
generated by GNU Autoconf 2.63.  Invocation command line was

  CONFIG_FILES    = 
  CONFIG_HEADERS  = 
  CONFIG_LINKS    = 
  CONFIG_COMMANDS = 
  $ ./config.status 

on iZ235whxcttZ

config.status:787: creating Makefile
config.status:787: creating sample/Makefile
config.status:787: creating config.h
config.status:1061: executing depfiles commands

## ---------------- ##
## Cache variables. ##
## ---------------- ##

ac_cv_c_compiler_gnu=yes
ac_cv_c_const=yes
ac_cv_c_inline=inline
ac_cv_env_CC_set=
ac_cv_env_CC_value=
ac_cv_env_CFLAGS_set=
ac_cv_env_CFLAGS_value=
ac_cv_env_CPPFLAGS_set=
ac_cv_env_CPPFLAGS_value=
ac_cv_env_CPP_set=
ac_cv_env_CPP_value=
ac_cv_env_LDFLAGS_set=
ac_cv_env_LDFLAGS_value=
ac_cv_env_LIBS_set=
ac_cv_env_LIBS_value=
ac_cv_env_build_alias_set=
ac_cv_env_build_alias_value=
ac_cv_env_host_alias_set=
ac_cv_env_host_alias_value=
ac_cv_env_target_alias_set=
ac_cv_env_target_alias_value=
ac_cv_func__doprnt=no
ac_cv_func_lstat_dereferences_slashed_symlink=yes
ac_cv_func_memmove=yes
ac_cv_func_stat_empty_string_bug=no
ac_cv_func_strcasecmp=yes
ac_cv_func_strncasecmp=yes
ac_cv_func_vprintf=yes
ac_cv_header_inttypes_h=yes
ac_cv_header_memory_h=yes
ac_cv_header_stdbool_h=yes
ac_cv_header_stdc=yes
ac_cv_header_stddef_h=yes
ac_cv_header_stdint_h=yes
ac_cv_header_stdlib_h=yes
ac_cv_header_string_h=yes
ac_cv_header_strings_h=yes
ac_cv_header_sys_stat_h=yes
ac_cv_header_sys_types_h=yes
ac_cv_header_unistd_h=yes
ac_cv_lib_apr_1_apr_palloc=no
ac_cv_lib_aprutil_1_apr_sha1_init=no
ac_cv_lib_curl_curl_global_init=no
ac_cv_lib_m_fmod=yes
ac_cv_lib_xml2_xmlInitParser=no
ac_cv_objext=o
ac_cv_path_EGREP='/bin/grep -E'
ac_cv_path_GREP=/bin/grep
ac_cv_path_install='/usr/bin/install -c'
ac_cv_path_mkdir=/bin/mkdir
ac_cv_prog_AWK=gawk
ac_cv_prog_CPP='gcc -E'
ac_cv_prog_ac_ct_CC=gcc
ac_cv_prog_ac_ct_RANLIB=ranlib
ac_cv_prog_cc_c89=
ac_cv_prog_cc_g=yes
ac_cv_prog_make_make_set=yes
ac_cv_struct_tm=time.h
ac_cv_type__Bool=yes
ac_cv_type_size_t=yes
am_cv_CC_dependencies_compiler_type=gcc3

## ----------------- ##
## Output variables. ##
## ----------------- ##

ACLOCAL='${SHELL} /root/oss/oss_c_sdk/missing --run aclocal-1.11'
AMDEPBACKSLASH='\'
AMDEP_FALSE='#'
AMDEP_TRUE=''
AMTAR='${SHELL} /root/oss/oss_c_sdk/missing --run tar'
AUTOCONF='${SHELL} /root/oss/oss_c_sdk/missing --run autoconf'
AUTOHEADER='${SHELL} /root/oss/oss_c_sdk/missing --run autoheader'
AUTOMAKE='${SHELL} /root/oss/oss_c_sdk/missing --run automake-1.11'
AWK='gawk'
CC='gcc'
CCDEPMODE='depmode=gcc3'
CFLAGS='-g -O2'
CPP='gcc -E'
CPPFLAGS=''
CYGPATH_W='echo'
DEFS='-DHAVE_CONFIG_H'
DEPDIR='.deps'
ECHO_C=''
ECHO_N='-n'
ECHO_T=''
EGREP='/bin/grep -E'
EXEEXT=''
GREP='/bin/grep'
INSTALL_DATA='${INSTALL} -m 644'
INSTALL_PROGRAM='${INSTALL}'
INSTALL_SCRIPT='${INSTALL}'
INSTALL_STRIP_PROGRAM='$(install_sh) -c -s'
LDFLAGS=''
LIBOBJS=''
LIBS='-lm '
LTLIBOBJS=''
MAKEINFO='${SHELL} /root/oss/oss_c_sdk/missing --run makeinfo'
MKDIR_P='/bin/mkdir -p'
OBJEXT='o'
PACKAGE='oss_c_sdk'
PACKAGE_BUGREPORT=''
PACKAGE_NAME='oss_c_sdk'
PACKAGE_STRING='oss_c_sdk 0.0.6'
PACKAGE_TARNAME='oss_c_sdk'
PACKAGE_VERSION='0.0.6'
PATH_SEPARATOR=':'
RANLIB='ranlib'
SET_MAKE=''
SHELL='/bin/sh'
STRIP=''
VERSION='0.0.6'
ac_ct_CC='gcc'
am__EXEEXT_FALSE=''
am__EXEEXT_TRUE='#'
am__fastdepCC_FALSE='#'
am__fastdepCC_TRUE=''
am__include='include'
am__isrc=''
am__leading_dot='.'
am__quote=''
am__tar='${AMTAR} chof - "$$tardir"'
am__untar='${AMTAR} xf -'
bindir='${exec_prefix}/bin'
build_alias=''
datadir='${datarootdir}'
datarootdir='${prefix}/share'
docdir='${datarootdir}/doc/${PACKAGE_TARNAME}'
dvidir='${docdir}'
exec_prefix='${prefix}'
host_alias=''
htmldir='${docdir}'
includedir='${prefix}/include'
infodir='${datarootdir}/info'
install_sh='${SHELL} /root/oss/oss_c_sdk/install-sh'
libdir='${exec_prefix}/lib'
libexecdir='${exec_prefix}/libexec'
localedir='${datarootdir}/locale'
localstatedir='${prefix}/var'
mandir='${datarootdir}/man'
mkdir_p='/bin/mkdir -p'
oldincludedir='/usr/include'
pdfdir='${docdir}'
prefix='/usr/local'
program_transform_name='s,x,x,'
psdir='${docdir}'
sbindir='${exec_prefix}/sbin'
sharedstatedir='${prefix}/com'
sysconfdir='${prefix}/etc'
target_alias=''

## ----------- ##
## confdefs.h. ##
## ----------- ##

#define PACKAGE_NAME "oss_c_sdk"
#define PACKAGE_TARNAME "oss_c_sdk"
#define PACKAGE_VERSION "0.0.6"
#define PACKAGE_STRING "oss_c_sdk 0.0.6"
#define PACKAGE_BUGREPORT ""
#define PACKAGE "oss_c_sdk"
#define VERSION "0.0.6"
#define HAVE_LIBM 1
#define STDC_HEADERS 1
#define HAVE_SYS_TYPES_H 1
#define HAVE_SYS_STAT_H 1
#define HAVE_STDLIB_H 1
#define HAVE_STRING_H 1
#define HAVE_MEMORY_H 1
#define HAVE_STRINGS_H 1
#define HAVE_INTTYPES_H 1
#define HAVE_STDINT_H 1
#define HAVE_UNISTD_H 1
#define HAVE_INTTYPES_H 1
#define HAVE_STDDEF_H 1
#define HAVE_STDINT_H 1
#define HAVE_STDLIB_H 1
#define HAVE_STRING_H 1
#define HAVE_UNISTD_H 1
#define HAVE__BOOL 1
#define HAVE_STDBOOL_H 1
#define LSTAT_FOLLOWS_SLASHED_SYMLINK 1
#define HAVE_VPRINTF 1
#define HAVE_MEMMOVE 1
#define HAVE_STRCASECMP 1
#define HAVE_STRNCASECMP 1

configure: exit 0

## ---------------------- ##
## Running config.status. ##
## ---------------------- ##

This file was extended by oss_c_sdk config.status 0.0.6, which was
generated by GNU Autoconf 2.63.  Invocation command line was

  CONFIG_FILES    = 
  CONFIG_HEADERS  = 
  CONFIG_LINKS    = 
  CONFIG_COMMANDS = 
  $ ./config.status config.h

on iZ235whxcttZ

config.status:787: creating config.h
